Ultralytics 8.3.227 🚀 Python-3.14.0 torch-2.9.0 MPS (Apple M4 Max)
[34m[1mengine/trainer: [0magnostic_nms=False, amp=True, augment=False, auto_augment=randaugment, batch=32, bgr=0.0, box=7.5, cache=False, cfg=None, classes=None, close_mosaic=10, cls=0.5, compile=False, conf=None, copy_paste=0.0, copy_paste_mode=flip, cos_lr=True, cutmix=0.0, data=/Users/ranyarhazi/Downloads/Zouhair/titan_data/yolo_0.1/titan_person_0.1.yaml, degrees=0.0, deterministic=True, device=mps, dfl=1.5, dnn=False, dropout=0.0, dynamic=False, embed=None, epochs=20, erasing=0.4, exist_ok=True, fliplr=0.5, flipud=0.0, format=torchscript, fraction=1.0, freeze=None, half=False, hsv_h=0.015, hsv_s=0.7, hsv_v=0.4, imgsz=640, int8=False, iou=0.7, keras=False, kobj=1.0, line_width=None, lr0=0.01, lrf=0.1, mask_ratio=4, max_det=300, mixup=0.0, mode=train, model=runs/detect/titan_person_11n_0.1/weights/last.pt, momentum=0.937, mosaic=1.0, multi_scale=False, name=titan_person_11n_0.1, nbs=64, nms=False, opset=None, optimize=False, optimizer=SGD, overlap_mask=True, patience=5, perspective=0.0, plots=False, pose=12.0, pretrained=True, profile=False, project=None, rect=False, resume=runs/detect/titan_person_11n_0.1/weights/last.pt, retina_masks=False, save=True, save_conf=False, save_crop=False, save_dir=/Users/ranyarhazi/Downloads/Zouhair/titan_data/runs/detect/titan_person_11n_0.1, save_frames=False, save_json=False, save_period=1, save_txt=False, scale=0.5, seed=0, shear=0.0, show=False, show_boxes=True, show_conf=True, show_labels=True, simplify=True, single_cls=False, source=None, split=val, stream_buffer=False, task=detect, time=None, tracker=botsort.yaml, translate=0.1, val=True, verbose=True, vid_stride=1, visualize=False, warmup_bias_lr=0.1, warmup_epochs=3.0, warmup_momentum=0.8, weight_decay=0.0005, workers=0, workspace=None

                   from  n    params  module                                       arguments                     
  0                  -1  1       464  ultralytics.nn.modules.conv.Conv             [3, 16, 3, 2]                 
  1                  -1  1      4672  ultralytics.nn.modules.conv.Conv             [16, 32, 3, 2]                
  2                  -1  1      6640  ultralytics.nn.modules.block.C3k2            [32, 64, 1, False, 0.25]      
  3                  -1  1     36992  ultralytics.nn.modules.conv.Conv             [64, 64, 3, 2]                
  4                  -1  1     26080  ultralytics.nn.modules.block.C3k2            [64, 128, 1, False, 0.25]     
  5                  -1  1    147712  ultralytics.nn.modules.conv.Conv             [128, 128, 3, 2]              
  6                  -1  1     87040  ultralytics.nn.modules.block.C3k2            [128, 128, 1, True]           
  7                  -1  1    295424  ultralytics.nn.modules.conv.Conv             [128, 256, 3, 2]              
  8                  -1  1    346112  ultralytics.nn.modules.block.C3k2            [256, 256, 1, True]           
  9                  -1  1    164608  ultralytics.nn.modules.block.SPPF            [256, 256, 5]                 
 10                  -1  1    249728  ultralytics.nn.modules.block.C2PSA           [256, 256, 1]                 
 11                  -1  1         0  torch.nn.modules.upsampling.Upsample         [None, 2, 'nearest']          
 12             [-1, 6]  1         0  ultralytics.nn.modules.conv.Concat           [1]                           
 13                  -1  1    111296  ultralytics.nn.modules.block.C3k2            [384, 128, 1, False]          
 14                  -1  1         0  torch.nn.modules.upsampling.Upsample         [None, 2, 'nearest']          
 15             [-1, 4]  1         0  ultralytics.nn.modules.conv.Concat           [1]                           
 16                  -1  1     32096  ultralytics.nn.modules.block.C3k2            [256, 64, 1, False]           
 17                  -1  1     36992  ultralytics.nn.modules.conv.Conv             [64, 64, 3, 2]                
 18            [-1, 13]  1         0  ultralytics.nn.modules.conv.Concat           [1]                           
 19                  -1  1     86720  ultralytics.nn.modules.block.C3k2            [192, 128, 1, False]          
 20                  -1  1    147712  ultralytics.nn.modules.conv.Conv             [128, 128, 3, 2]              
 21            [-1, 10]  1         0  ultralytics.nn.modules.conv.Concat           [1]                           
 22                  -1  1    378880  ultralytics.nn.modules.block.C3k2            [384, 256, 1, True]           
 23        [16, 19, 22]  1    430867  ultralytics.nn.modules.head.Detect           [1, [64, 128, 256]]           
YOLO11n summary: 181 layers, 2,590,035 parameters, 2,590,019 gradients, 6.4 GFLOPs

Transferred 499/499 items from pretrained weights
Freezing layer 'model.23.dfl.conv.weight'
[34m[1mtrain: [0mFast image access ✅ (ping: 0.0±0.0 ms, read: 2466.4±960.1 MB/s, size: 3549.3 KB)
[K[34m[1mtrain: [0mScanning /Users/ranyarhazi/Downloads/Zouhair/titan_data/yolo_0.1/labels/train.cache... 4396 images, 0 backgrounds, 0 corrupt: 100% ━━━━━━━━━━━━ 4396/4396 614.6Mit/s 0.0s[K[34m[1mtrain: [0mScanning /Users/ranyarhazi/Downloads/Zouhair/titan_data/yolo_0.1/labels/train.cache... 4396 images, 0 backgrounds, 0 corrupt: 100% ━━━━━━━━━━━━ 4396/4396 86.2Mit/s 0.0s
[34m[1mval: [0mFast image access ✅ (ping: 0.0±0.0 ms, read: 3298.9±422.4 MB/s, size: 3486.1 KB)
[K[34m[1mval: [0mScanning /Users/ranyarhazi/Downloads/Zouhair/titan_data/yolo_0.1/labels/val.cache... 3134 images, 0 backgrounds, 0 corrupt: 100% ━━━━━━━━━━━━ 3134/3134 1.6Git/s 0.0s[K[34m[1mval: [0mScanning /Users/ranyarhazi/Downloads/Zouhair/titan_data/yolo_0.1/labels/val.cache... 3134 images, 0 backgrounds, 0 corrupt: 100% ━━━━━━━━━━━━ 3134/3134 120.6Mit/s 0.0s
[34m[1moptimizer:[0m SGD(lr=0.01, momentum=0.937) with parameter groups 81 weight(decay=0.0), 88 weight(decay=0.0005), 87 bias(decay=0.0)
Resuming training runs/detect/titan_person_11n_0.1/weights/last.pt from epoch 7 to 20 total epochs
Image sizes 640 train, 640 val
Using 0 dataloader workers
Logging results to [1m/Users/ranyarhazi/Downloads/Zouhair/titan_data/runs/detect/titan_person_11n_0.1[0m
Starting training for 20 epochs...

      Epoch    GPU_mem   box_loss   cls_loss   dfl_loss  Instances       Size
